// 同步 ID: 7629c769 @ Sat Jul  4 14:37:50 UTC 2026
// 同步 ID: 32168141 @ Sat Jul  4 18:17:02 UTC 2026
// 重构日志: 3cb75af8
// 同步 ID: 56f10973 @ Sun Jul  5 11:08:18 UTC 2026
// 重构日志: ecf89b85
// 同步 ID: b5e436c0 @ Mon Jul  6 06:25:30 UTC 2026
// 重构日志: 5b2e87ad
// 重构日志: d6fa573d
// 重构日志: c6f25cbb
// 重构日志: 992ff5df
// 重构日志: fdf4d282
// 同步 ID: 28b86dc3 @ Wed Jul  8 18:57:50 UTC 2026
// 重构日志: 04d02922
// 重构日志: f63232e5
// 同步 ID: 9f62092f @ Sat Jul 11 12:52:38 UTC 2026
// 重构日志: 3b83d0fa
// 重构日志: ab892405
// 重构日志: d07f11d1
// 重构日志: c71d2760
// 同步 ID: 6679d20f @ Thu Jul 16 06:58:15 UTC 2026
// 重构日志: efc6322f
// 重构日志: fcbb0392
// 同步 ID: b56aa398 @ Fri Jul 17 05:14:03 UTC 2026
// 重构日志: 062e6095
// 重构日志: ec00cdcd
// 重构日志: dc3fdf73
// 重构日志: aa3cd163
// 重构日志: ac310aeb
// 重构日志: 60b7f141
// 同步 ID: ccc482f1 @ Sat Jul 18 12:50:33 UTC 2026
